<?xml version="1.0" encoding="UTF-8"?>
<testng-results skipped="0" failed="0" total="2" passed="2">
  <reporter-output>
  </reporter-output>
  <suite name="Suite" duration-ms="105" started-at="2019-08-26T05:30:24Z" finished-at="2019-08-26T05:30:25Z">
    <groups>
    </groups>
    <test name="Test" duration-ms="105" started-at="2019-08-26T05:30:24Z" finished-at="2019-08-26T05:30:25Z">
      <class name="com.jbk.LoginTest2">
        <test-method status="PASS" signature="f()[pri:0, instance:com.jbk.LoginTest2@197c004]" name="f" duration-ms="5" started-at="2019-08-26T11:00:25Z" finished-at="2019-08-26T11:00:25Z">
          <reporter-output>
          </reporter-output>
        </test-method> <!-- f -->
      </class> <!-- com.jbk.LoginTest2 -->
      <class name="com.jbk.LoginTest">
        <test-method status="PASS" signature="f()[pri:0, instance:com.jbk.LoginTest@146e1f4]" name="f" duration-ms="35" started-at="2019-08-26T11:00:25Z" finished-at="2019-08-26T11:00:25Z">
          <reporter-output>
          </reporter-output>
        </test-method> <!-- f -->
      </class> <!-- com.jbk.LoginTest -->
    </test> <!-- Test -->
  </suite> <!-- Suite -->
</testng-results>
